  Character.cpp
D:\Uni\Repositories\GecSem2\MarioBaseProject\MarioBaseProject\Character.h(45,47): warning C4244: 'argument': conversion from 'int' to 'float', possible loss of data
D:\Uni\Repositories\GecSem2\MarioBaseProject\MarioBaseProject\Character.h(45,23): warning C4244: 'argument': conversion from 'int' to 'float', possible loss of data
  CharacterLuigi.cpp
D:\Uni\Repositories\GecSem2\MarioBaseProject\MarioBaseProject\Character.h(45,47): warning C4244: 'argument': conversion from 'int' to 'float', possible loss of data
D:\Uni\Repositories\GecSem2\MarioBaseProject\MarioBaseProject\Character.h(45,23): warning C4244: 'argument': conversion from 'int' to 'float', possible loss of data
  CharacterMario.cpp
D:\Uni\Repositories\GecSem2\MarioBaseProject\MarioBaseProject\Character.h(45,47): warning C4244: 'argument': conversion from 'int' to 'float', possible loss of data
D:\Uni\Repositories\GecSem2\MarioBaseProject\MarioBaseProject\Character.h(45,23): warning C4244: 'argument': conversion from 'int' to 'float', possible loss of data
  Collisions.cpp
D:\Uni\Repositories\GecSem2\MarioBaseProject\MarioBaseProject\Character.h(45,47): warning C4244: 'argument': conversion from 'int' to 'float', possible loss of data
D:\Uni\Repositories\GecSem2\MarioBaseProject\MarioBaseProject\Character.h(45,23): warning C4244: 'argument': conversion from 'int' to 'float', possible loss of data
  GameScreenLevel1.cpp
D:\Uni\Repositories\GecSem2\MarioBaseProject\MarioBaseProject\Character.h(45,47): warning C4244: 'argument': conversion from 'int' to 'float', possible loss of data
D:\Uni\Repositories\GecSem2\MarioBaseProject\MarioBaseProject\Character.h(45,23): warning C4244: 'argument': conversion from 'int' to 'float', possible loss of data
  GameScreenManager.cpp
D:\Uni\Repositories\GecSem2\MarioBaseProject\MarioBaseProject\Character.h(45,47): warning C4244: 'argument': conversion from 'int' to 'float', possible loss of data
D:\Uni\Repositories\GecSem2\MarioBaseProject\MarioBaseProject\Character.h(45,23): warning C4244: 'argument': conversion from 'int' to 'float', possible loss of data
  LevelMap.cpp
  Source.cpp
  Generating Code...
D:\Uni\Repositories\GecSem2\MarioBaseProject\MarioBaseProject\GameScreenLevel1.cpp(71): warning C4715: 'GameScreenLevel1::SetUpLevel': not all control paths return a value
  MarioBaseProject.vcxproj -> D:\Uni\Repositories\GecSem2\MarioBaseProject\Debug\MarioBaseProject.exe
